<?xml version="1.0" encoding="UTF-8"?>
<testng-results ignored="0" total="2" passed="2" failed="0" skipped="0">
  <reporter-output>
  </reporter-output>
  <suite started-at="2022-08-22T19:42:08 IST" name="Default suite" finished-at="2022-08-22T19:42:25 IST" duration-ms="17362">
    <groups>
      <group name="api">
        <method signature="APITC2_deleteBook.deleteBookTest()[pri:2, instance:bookStoreApplictionAPI.APITC2_deleteBook@5a2d131d]" name="deleteBookTest" class="bookStoreApplictionAPI.APITC2_deleteBook"/>
      </group> <!-- api -->
    </groups>
    <test started-at="2022-08-22T19:42:08 IST" name="Default test" finished-at="2022-08-22T19:42:25 IST" duration-ms="17362">
      <class name="bookStoreApplictionAPI.APITC2_deleteBook">
        <test-method is-config="true" signature="init()[pri:0, instance:bookStoreApplictionAPI.APITC2_deleteBook@5a2d131d]" started-at="2022-08-22T19:42:08 IST" name="init" finished-at="2022-08-22T19:42:08 IST" duration-ms="76" status="PASS">
          <reporter-output>
          </reporter-output>
        </test-method> <!-- init -->
        <test-method is-config="true" signature="beforeMethod()[pri:0, instance:bookStoreApplictionAPI.APITC2_deleteBook@5a2d131d]" started-at="2022-08-22T19:42:08 IST" name="beforeMethod" finished-at="2022-08-22T19:42:18 IST" duration-ms="10017" status="PASS">
          <reporter-output>
          </reporter-output>
        </test-method> <!-- beforeMethod -->
        <test-method signature="addBookTest()[pri:1, instance:bookStoreApplictionAPI.APITC2_deleteBook@5a2d131d]" started-at="2022-08-22T19:42:18 IST" name="addBookTest" finished-at="2022-08-22T19:42:19 IST" duration-ms="851" status="PASS">
          <reporter-output>
          </reporter-output>
        </test-method> <!-- addBookTest -->
        <test-method is-config="true" signature="beforeMethod()[pri:0, instance:bookStoreApplictionAPI.APITC2_deleteBook@5a2d131d]" started-at="2022-08-22T19:42:19 IST" name="beforeMethod" finished-at="2022-08-22T19:42:23 IST" duration-ms="3870" status="PASS">
          <reporter-output>
          </reporter-output>
        </test-method> <!-- beforeMethod -->
        <test-method signature="deleteBookTest()[pri:2, instance:bookStoreApplictionAPI.APITC2_deleteBook@5a2d131d]" started-at="2022-08-22T19:42:23 IST" name="deleteBookTest" finished-at="2022-08-22T19:42:24 IST" duration-ms="1492" status="PASS">
          <reporter-output>
          </reporter-output>
        </test-method> <!-- deleteBookTest -->
        <test-method is-config="true" signature="tearDown()[pri:0, instance:bookStoreApplictionAPI.APITC2_deleteBook@5a2d131d]" started-at="2022-08-22T19:42:24 IST" name="tearDown" finished-at="2022-08-22T19:42:25 IST" duration-ms="780" status="PASS">
          <reporter-output>
          </reporter-output>
        </test-method> <!-- tearDown -->
      </class> <!-- bookStoreApplictionAPI.APITC2_deleteBook -->
    </test> <!-- Default test -->
  </suite> <!-- Default suite -->
</testng-results>
